<?xml version="1.0" encoding="UTF-8"?>
<testsuite name="in.co.galaxy.assignment.controller.RootControllerTest" time="1.567" tests="32" errors="0" skipped="0" failures="0">
  <properties>
    <property name="java.runtime.name" value="Java(TM) SE Runtime Environment"/>
    <property name="sun.boot.library.path" value="C:\Program Files\Java\jdk1.8.0_191\jre\bin"/>
    <property name="java.vm.version" value="25.191-b12"/>
    <property name="java.vm.vendor" value="Oracle Corporation"/>
    <property name="maven.multiModuleProjectDirectory" value="D:\TRANSPORT\InterstellarTransportSystem-master"/>
    <property name="java.vendor.url" value="http://java.oracle.com/"/>
    <property name="path.separator" value=";"/>
    <property name="guice.disable.misplaced.annotation.check" value="true"/>
    <property name="java.vm.name" value="Java HotSpot(TM) 64-Bit Server VM"/>
    <property name="file.encoding.pkg" value="sun.io"/>
    <property name="user.script" value=""/>
    <property name="user.country" value="US"/>
    <property name="sun.java.launcher" value="SUN_STANDARD"/>
    <property name="sun.os.patch.level" value="Service Pack 1"/>
    <property name="java.vm.specification.name" value="Java Virtual Machine Specification"/>
    <property name="user.dir" value="D:\TRANSPORT\InterstellarTransportSystem-master"/>
    <property name="java.runtime.version" value="1.8.0_191-b12"/>
    <property name="java.awt.graphicsenv" value="sun.awt.Win32GraphicsEnvironment"/>
    <property name="java.endorsed.dirs" value="C:\Program Files\Java\jdk1.8.0_191\jre\lib\endorsed"/>
    <property name="os.arch" value="amd64"/>
    <property name="java.io.tmpdir" value="C:\Users\JEGANA~1.THA\AppData\Local\Temp\"/>
    <property name="line.separator" value="&#10;"/>
    <property name="java.vm.specification.vendor" value="Oracle Corporation"/>
    <property name="user.variant" value=""/>
    <property name="os.name" value="Windows 7"/>
    <property name="classworlds.conf" value="D:\TRANSPORT\.metadata\.plugins\org.eclipse.m2e.launching\launches\m2conf3442838604701610080.tmp"/>
    <property name="sun.jnu.encoding" value="Cp1252"/>
    <property name="java.library.path" value="C:\Program Files\Java\jdk1.8.0_191\bin;C:\windows\Sun\Java\bin;C:\windows\system32;C:\windows;C:/Program Files/Java/jre1.8.0_191/bin/server;C:/Program Files/Java/jre1.8.0_191/bin;C:/Program Files/Java/jre1.8.0_191/lib/amd64;C:\Program Files (x86)\Common Files\Oracle\Java\javapath;C:\Program Files (x86)\Intel\iCLS Client\;C:\Program Files\Intel\iCLS Client\;C:\windows\system32;C:\windows;C:\windows\System32\Wbem;C:\windows\System32\WindowsPowerShell\v1.0\;C:\Program Files\PuTTY\;C:\Program Files (x86)\Intel\Intel(R) Management Engine Components\DAL;C:\Program Files\Intel\Intel(R) Management Engine Components\DAL;C:\Program Files (x86)\Intel\Intel(R) Management Engine Components\IPT;C:\Program Files\Intel\Intel(R) Management Engine Components\IPT;C:\Program Files\Java\jdk1.8.0_191\bin;D:\sts-bundle\sts-3.9.7.RELEASE;;."/>
    <property name="java.specification.name" value="Java Platform API Specification"/>
    <property name="java.class.version" value="52.0"/>
    <property name="sun.management.compiler" value="HotSpot 64-Bit Tiered Compilers"/>
    <property name="os.version" value="6.1"/>
    <property name="user.home" value="C:\Users\jeganathan.thangaraj"/>
    <property name="user.timezone" value="Asia/Calcutta"/>
    <property name="java.awt.printerjob" value="sun.awt.windows.WPrinterJob"/>
    <property name="java.specification.version" value="1.8"/>
    <property name="file.encoding" value="Cp1252"/>
    <property name="user.name" value="jeganathan.thangaraj"/>
    <property name="java.class.path" value="D:\sts-bundle\sts-3.9.7.RELEASE\plugins\org.eclipse.m2e.maven.runtime_1.10.0.20181127-2120\jars\plexus-classworlds-2.5.2.jar"/>
    <property name="java.vm.specification.version" value="1.8"/>
    <property name="sun.arch.data.model" value="64"/>
    <property name="java.home" value="C:\Program Files\Java\jdk1.8.0_191\jre"/>
    <property name="sun.java.command" value="org.codehaus.plexus.classworlds.launcher.Launcher -B install"/>
    <property name="java.specification.vendor" value="Oracle Corporation"/>
    <property name="user.language" value="en"/>
    <property name="awt.toolkit" value="sun.awt.windows.WToolkit"/>
    <property name="java.vm.info" value="mixed mode"/>
    <property name="java.version" value="1.8.0_191"/>
    <property name="java.ext.dirs" value="C:\Program Files\Java\jdk1.8.0_191\jre\lib\ext;C:\windows\Sun\Java\lib\ext"/>
    <property name="sun.boot.class.path" value="C:\Program Files\Java\jdk1.8.0_191\jre\lib\resources.jar;C:\Program Files\Java\jdk1.8.0_191\jre\lib\rt.jar;C:\Program Files\Java\jdk1.8.0_191\jre\lib\sunrsasign.jar;C:\Program Files\Java\jdk1.8.0_191\jre\lib\jsse.jar;C:\Program Files\Java\jdk1.8.0_191\jre\lib\jce.jar;C:\Program Files\Java\jdk1.8.0_191\jre\lib\charsets.jar;C:\Program Files\Java\jdk1.8.0_191\jre\lib\jfr.jar;C:\Program Files\Java\jdk1.8.0_191\jre\classes"/>
    <property name="java.vendor" value="Oracle Corporation"/>
    <property name="maven.home" value="D:\TRANSPORT\InterstellarTransportSystem-master\EMBEDDED"/>
    <property name="file.separator" value="\"/>
    <property name="java.vendor.url.bug" value="http://bugreport.sun.com/bugreport/"/>
    <property name="sun.cpu.endian" value="little"/>
    <property name="sun.io.unicode.encoding" value="UnicodeLittle"/>
    <property name="sun.desktop" value="windows"/>
    <property name="sun.cpu.isalist" value="amd64"/>
  </properties>
  <testcase name="verifyThatListEdgesViewAndModelIsCorrect" classname="in.co.galaxy.assignment.controller.RootControllerTest" time="0.226"/>
  <testcase name="verifyThatSaveExistingVertexViewAndModelIsCorrect" classname="in.co.galaxy.assignment.controller.RootControllerTest" time="0.091"/>
  <testcase name="verifyThatShowVertexViewAndModelIsCorrect" classname="in.co.galaxy.assignment.controller.RootControllerTest" time="0.066"/>
  <testcase name="verifyThatUpdateEdgeViewAndModelIsCorrect" classname="in.co.galaxy.assignment.controller.RootControllerTest" time="0.052"/>
  <testcase name="verifyThatSaveSameTrafficViewAndModelIsCorrect" classname="in.co.galaxy.assignment.controller.RootControllerTest" time="0.042"/>
  <testcase name="verifyThatListTrafficsViewAndModelIsCorrect" classname="in.co.galaxy.assignment.controller.RootControllerTest" time="0.082"/>
  <testcase name="verifyThatEditVertexViewAndModelIsCorrect" classname="in.co.galaxy.assignment.controller.RootControllerTest" time="0.041"/>
  <testcase name="verifyThatEditEdgeViewAndModelIsCorrect" classname="in.co.galaxy.assignment.controller.RootControllerTest" time="0.034"/>
  <testcase name="verifyThatUpdateSameTrafficViewAndModelIsCorrect" classname="in.co.galaxy.assignment.controller.RootControllerTest" time="0.077"/>
  <testcase name="verifyThatSaveTrafficViewAndModelIsCorrect" classname="in.co.galaxy.assignment.controller.RootControllerTest" time="0.029"/>
  <testcase name="verifyThatAddVertexViewAndModelIsCorrect" classname="in.co.galaxy.assignment.controller.RootControllerTest" time="0.035"/>
  <testcase name="verifyThatAddEdgeViewAndModelIsCorrect" classname="in.co.galaxy.assignment.controller.RootControllerTest" time="0.057"/>
  <testcase name="verifyThatAddTrafficViewAndModelIsCorrect" classname="in.co.galaxy.assignment.controller.RootControllerTest" time="0.043"/>
  <testcase name="verifyThatSaveExistingTrafficViewAndModelIsCorrect" classname="in.co.galaxy.assignment.controller.RootControllerTest" time="0.023"/>
  <testcase name="verifyThatShortestPathResultViewAndModelIsCorrect" classname="in.co.galaxy.assignment.controller.RootControllerTest" time="0.056"/>
  <testcase name="verifyThatListVerticesViewAndModelIsCorrect" classname="in.co.galaxy.assignment.controller.RootControllerTest" time="0.045"/>
  <testcase name="verifyThatSaveVertexViewIsCorrect" classname="in.co.galaxy.assignment.controller.RootControllerTest" time="0.04"/>
  <testcase name="verifyThatEditTrafficViewAndModelIsCorrect" classname="in.co.galaxy.assignment.controller.RootControllerTest" time="0.045"/>
  <testcase name="verifyThatDeleteEdgeViewIsCorrect" classname="in.co.galaxy.assignment.controller.RootControllerTest" time="0.026"/>
  <testcase name="verifyThatUpdateExistingEdgeViewAndModelIsCorrect" classname="in.co.galaxy.assignment.controller.RootControllerTest" time="0.033"/>
  <testcase name="verifyThatDeleteTrafficViewIsCorrect" classname="in.co.galaxy.assignment.controller.RootControllerTest" time="0.045"/>
  <testcase name="verifyThatSaveEdgeViewAndModelIsCorrect" classname="in.co.galaxy.assignment.controller.RootControllerTest" time="0.02"/>
  <testcase name="verifyThatShowEdgeViewAndModelIsCorrect" classname="in.co.galaxy.assignment.controller.RootControllerTest" time="0.027"/>
  <testcase name="verifyThatSaveExistingEdgeViewAndModelIsCorrect" classname="in.co.galaxy.assignment.controller.RootControllerTest" time="0.024"/>
  <testcase name="verifyThatShowTrafficViewAndModelIsCorrect" classname="in.co.galaxy.assignment.controller.RootControllerTest" time="0.073"/>
  <testcase name="verifyThatShortestPathViewAndModelIsCorrect" classname="in.co.galaxy.assignment.controller.RootControllerTest" time="0.025"/>
  <testcase name="verifyThatDeleteVertexViewIsCorrect" classname="in.co.galaxy.assignment.controller.RootControllerTest" time="0.025"/>
  <testcase name="verifyThatUpdateSameEdgeViewAndModelIsCorrect" classname="in.co.galaxy.assignment.controller.RootControllerTest" time="0.076"/>
  <testcase name="verifyThatUpdateExistingTrafficViewAndModelIsCorrect" classname="in.co.galaxy.assignment.controller.RootControllerTest" time="0.02"/>
  <testcase name="verifyThatUpdateTrafficViewAndModelIsCorrect" classname="in.co.galaxy.assignment.controller.RootControllerTest" time="0.037"/>
  <testcase name="verifyThatSaveSameEdgeViewAndModelIsCorrect" classname="in.co.galaxy.assignment.controller.RootControllerTest" time="0.016"/>
  <testcase name="verifyThatUpdateVertexViewIsCorrect" classname="in.co.galaxy.assignment.controller.RootControllerTest" time="0.036"/>
</testsuite>